>>> m-text = >.!rfc_canvas.!frame2.!text<
*** rere_v1 (\d+)\s+\((.+)\s+(.+)\)\s+\[(.+)\]\s+\"(.+)\"\s+(\S)\s+([\s\S]+)\Z
rgdc, self.dhc_tool <draw_headers_class.draw_headers object at 0x703d32293650>
about to start, save_file_name h1r2.rdd
+++ read_from_rdd file >h1r2.rdd<
?=-=-=-=-= starting display_msg(Read rdd file h1r2.rdd), tag normal
last_mode found >header<
fields >>> ['1', 'header', '1', '167, 145, 691, 226', 'H', '0', '1', '0', None] <<< len 9
parent_id 0 (<class 'int'>)
>> fields[6] >1<
+++>>> fields[6] >1<
!!! class header: rdg <rfc_draw_globals_class.rdglob object at 0x703d322932c0> (<class 'rfc_draw_globals_class.rdglob'>)
header __init__: h_nbr >1<, new_drawing False, f_font TkFixedFont
 | | | self.rows []
 ^ ^ ^ header: h_nbr 1 (<class 'int'>)
class header: f_font >TkFixedFont<, h_coords [167, 145, 691, 226], h_nbr 1
=========== header 1, top line drawn ==========
header 167,145, 691, 145
in time_now: ts 0.000407
ELAPSED 0.000: hdr 1,top line drawn
-->> hdr_obj key 1
>< header >< self.rdg.new_drawing False, 0 rows
?? ?? hdr_id 1, objects[1] ><Key 1, Object header: h_nbr 1, len(rows) 0, Type header, I_coords [167, 145, 691, 145], i_text H, parent_id 0 v1 1, v2 0><
fields >>> ['2', 'row', '2', '167, 145, 691, 190', 'R', '1', '1', '2', None] <<< len 9
parent_id 1 (<class 'int'>)
>> fields[6] >1<
+++>>> fields[6] >1<
class row, h header: h_nbr 1, len(rows) 0 (<class 'draw_headers_class.draw_headers.header'>), r_lines 2, vbl_len_row False
RRRRR starting class row, h = header: h_nbr 1, len(rows) 0
row header 1, n_rows 0, x0,y0, x1,y1 167,145, 691,145
   len(h.rows) = 0
row 1: 167,145, 691, 190
fields >>> ['3', 'field', '3', '176, 146, 685, 185', '0                   1                   2                   3  \\n0 1 2 3 4 5 6 7 8 9 0 1 2 3 4 5 6 7 8 9 0 1 2 3 4 5 6 7 8 9 0 1', '2', '0', '32', None] <<< len 9
parent_id 2 (<class 'int'>)
>> fields[6] >0<
+++>>> fields[6] >0<
class field: rdg <rfc_draw_globals_class.rdglob object at 0x703d322932c0>, h header: h_nbr 1, len(rows) 1, r row: h_nbr 1, r_nbr 1, <><><>
~|~ r.fields: []
new field: self.h header: h_nbr 1, len(rows) 1 self.r row: h_nbr 1, r_nbr 1,
   h header: h_nbr 1, len(rows) 1
||||||||| h_obj <Key 1, Object header: h_nbr 1, len(rows) 1, Type header, I_coords [167, 145, 691, 226], i_text H, parent_id 0 v1 1, v2 0> 
DTC.restore_object: l_coords (430, 169.5), l_text >0                   1                   2                   3  
0 1 2 3 4 5 6 7 8 9 0 1 2 3 4 5 6 7 8 9 0 1 2 3 4 5 6 7 8 9 0 1<, l_nbr 2, parent_id 2, v1 0, v2 32
$$$ text >0                   1                   2                   3  
0 1 2 3 4 5 6 7 8 9 0 1 2 3 4 5 6 7 8 9 0 1 2 3 4 5 6 7 8 9 0 1< (<class 'str'>)
fields >>> ['4', 'row', '4', '167, 190, 691, 226', 'R', '1', '2', '1', None] <<< len 9
parent_id 1 (<class 'int'>)
>> fields[6] >2<
+++>>> fields[6] >2<
class row, h header: h_nbr 1, len(rows) 1 (<class 'draw_headers_class.draw_headers.header'>), r_lines 1, vbl_len_row False
RRRRR starting class row, h = header: h_nbr 1, len(rows) 1
row header 1, n_rows 1, x0,y0, x1,y1 167,145, 691,190
   len(h.rows) = 1
fields >>> ['5', 'field', '36', '176, 191, 543, 221', 'Left Field', '4', '0', '23', None] <<< len 9
parent_id 4 (<class 'int'>)
>> fields[6] >0<
+++>>> fields[6] >0<
class field: rdg <rfc_draw_globals_class.rdglob object at 0x703d322932c0>, h header: h_nbr 1, len(rows) 2, r row: h_nbr 1, r_nbr 2, <><><>
~|~ r.fields: []
new field: self.h header: h_nbr 1, len(rows) 2 self.r row: h_nbr 1, r_nbr 2,
   h header: h_nbr 1, len(rows) 2
||||||||| h_obj <Key 1, Object header: h_nbr 1, len(rows) 2, Type header, I_coords [167, 145, 691, 226], i_text H, parent_id 0 v1 1, v2 0> 
DTC.restore_object: l_coords (358, 206.0), l_text >Left Field<, l_nbr 2, parent_id 4, v1 0, v2 23
$$$ text >Left Field< (<class 'str'>)
fields >>> ['6', 'field', '37', '544, 191, 685, 221', 'Right Field', '4', '23', '9', None] <<< len 9
parent_id 4 (<class 'int'>)
>> fields[6] >23<
+++>>> fields[6] >23<
class field: rdg <rfc_draw_globals_class.rdglob object at 0x703d322932c0>, h header: h_nbr 1, len(rows) 2, r row: h_nbr 1, r_nbr 2, <><><>
~|~ r.fields: [<draw_headers_class.draw_headers.field object at 0x703d329bc6e0>]
new field: self.h header: h_nbr 1, len(rows) 2 self.r row: h_nbr 1, r_nbr 2,
   h header: h_nbr 1, len(rows) 2
||||||||| h_obj <Key 1, Object header: h_nbr 1, len(rows) 2, Type header, I_coords [167, 145, 691, 226], i_text H, parent_id 0 v1 1, v2 0> 
DTC.restore_object: l_coords (614, 206.0), l_text >Right Field<, l_nbr 2, parent_id 4, v1 23, v2 9
$$$ text >Right Field< (<class 'str'>)
?=-=-=-=-= starting display_msg(Drawing read from: h1r2.rdd), tag warning
dump_objects -- Read all rdd lines --
1 (header 1) [167, 145, 691, 226] "H" 0 1 0
2 (row 2) [167, 145, 691, 190] "R" 1 1 2
3 (field 3) [176, 146, 685, 185] "0                   1                   2                   3  \n0 1 2 3 4 5 6 7 8 9 0 1 2 3 4 5 6 7 8 9 0 1 2 3 4 5 6 7 8 9 0 1" 2 0 32
4 (row 4) [167, 190, 691, 226] "R" 1 2 1
5 (field 36) [176, 191, 541, 221] "Left Field" 4 0 23
6 (field 37) [544, 191, 685, 221] "Right Field" 4 23 9
- - dump - -
Closed without saving as .rdd
